[0520/160131.027:ERROR:process_reader_win.cc(151)] SuspendThread: Access is denied. (0x5)
[0520/160131.029:ERROR:exception_snapshot_win.cc(98)] thread ID 1280 not found in process
[0520/162427.115:ERROR:process_info.cc(329)] VirtualQueryEx: Access is denied. (0x5)
[0520/162427.116:ERROR:process_info.cc(550)] ReadMemoryInfo failed
[0520/162427.116:ERROR:scoped_process_suspend.cc(40)] NtResumeProcess: An attempt was made to access an exiting process. (0xc000010a)
[0521/090445.169:ERROR:process_info.cc(329)] VirtualQueryEx: Access is denied. (0x5)
[0521/090445.170:ERROR:process_info.cc(550)] ReadMemoryInfo failed
[0521/090445.170:ERROR:scoped_process_suspend.cc(40)] NtResumeProcess: An attempt was made to access an exiting process. (0xc000010a)
[0521/110014.047:ERROR:process_info.cc(329)] VirtualQueryEx: Access is denied. (0x5)
[0521/110014.048:ERROR:process_info.cc(550)] ReadMemoryInfo failed
[0521/110014.048:ERROR:scoped_process_suspend.cc(40)] NtResumeProcess: An attempt was made to access an exiting process. (0xc000010a)
[0521/132508.961:ERROR:process_info.cc(329)] VirtualQueryEx: Access is denied. (0x5)
[0521/132508.962:ERROR:process_info.cc(550)] ReadMemoryInfo failed
[0521/132508.962:ERROR:scoped_process_suspend.cc(40)] NtResumeProcess: An attempt was made to access an exiting process. (0xc000010a)
[0521/134214.989:ERROR:process_info.cc(329)] VirtualQueryEx: Access is denied. (0x5)
[0521/134214.990:ERROR:process_info.cc(550)] ReadMemoryInfo failed
[0521/134214.990:ERROR:process_memory_win.cc(39)] Failed to initialize ProcessInfo.
[0521/134214.990:ERROR:scoped_process_suspend.cc(40)] NtResumeProcess: An attempt was made to access an exiting process. (0xc000010a)
[0521/153504.112:ERROR:process_info.cc(329)] VirtualQueryEx: Access is denied. (0x5)
[0521/153504.113:ERROR:process_info.cc(550)] ReadMemoryInfo failed
[0521/153504.113:ERROR:process_memory_win.cc(39)] Failed to initialize ProcessInfo.
[0521/153504.113:ERROR:scoped_process_suspend.cc(40)] NtResumeProcess: An attempt was made to access an exiting process. (0xc000010a)
[0521/153714.942:ERROR:process_reader_win.cc(151)] SuspendThread: Access is denied. (0x5)
[0521/153714.943:ERROR:exception_snapshot_win.cc(98)] thread ID 14152 not found in process
[0521/155456.166:ERROR:process_info.cc(329)] VirtualQueryEx: Access is denied. (0x5)
[0521/155456.167:ERROR:process_info.cc(550)] ReadMemoryInfo failed
[0521/155456.167:ERROR:scoped_process_suspend.cc(40)] NtResumeProcess: An attempt was made to access an exiting process. (0xc000010a)
[0521/160207.388:ERROR:process_info.cc(329)] VirtualQueryEx: Access is denied. (0x5)
[0521/160207.390:ERROR:process_info.cc(550)] ReadMemoryInfo failed
[0521/160207.390:ERROR:scoped_process_suspend.cc(40)] NtResumeProcess: An attempt was made to access an exiting process. (0xc000010a)
[0521/160555.983:ERROR:process_info.cc(329)] VirtualQueryEx: Access is denied. (0x5)
[0521/160555.984:ERROR:process_info.cc(550)] ReadMemoryInfo failed
[0521/160555.984:ERROR:scoped_process_suspend.cc(40)] NtResumeProcess: An attempt was made to access an exiting process. (0xc000010a)
[0521/161744.494:ERROR:process_reader_win.cc(151)] SuspendThread: Access is denied. (0x5)
[0521/161744.495:ERROR:process_reader_win.cc(151)] SuspendThread: Access is denied. (0x5)
[0521/161744.495:ERROR:process_reader_win.cc(151)] SuspendThread: Access is denied. (0x5)
[0521/161744.497:ERROR:exception_snapshot_win.cc(98)] thread ID 7864 not found in process
[0522/093139.020:ERROR:process_reader_win.cc(151)] SuspendThread: Access is denied. (0x5)
[0522/093139.021:ERROR:exception_snapshot_win.cc(98)] thread ID 4908 not found in process
[0522/093355.371:ERROR:process_reader_win.cc(151)] SuspendThread: Access is denied. (0x5)
[0522/093355.372:ERROR:exception_snapshot_win.cc(98)] thread ID 5648 not found in process
[0522/105142.033:ERROR:process_info.cc(329)] VirtualQueryEx: Access is denied. (0x5)
[0522/105142.034:ERROR:process_info.cc(550)] ReadMemoryInfo failed
[0522/105142.034:ERROR:process_memory_win.cc(39)] Failed to initialize ProcessInfo.
[0522/105142.034:ERROR:scoped_process_suspend.cc(40)] NtResumeProcess: An attempt was made to access an exiting process. (0xc000010a)
[0522/145429.165:ERROR:process_info.cc(329)] VirtualQueryEx: Access is denied. (0x5)
[0522/145429.166:ERROR:process_info.cc(550)] ReadMemoryInfo failed
[0522/145429.166:ERROR:process_memory_win.cc(39)] Failed to initialize ProcessInfo.
[0522/145429.166:ERROR:scoped_process_suspend.cc(40)] NtResumeProcess: An attempt was made to access an exiting process. (0xc000010a)
[0522/152036.935:ERROR:process_info.cc(329)] VirtualQueryEx: Access is denied. (0x5)
[0522/152036.935:ERROR:process_info.cc(550)] ReadMemoryInfo failed
[0522/152036.936:ERROR:scoped_process_suspend.cc(40)] NtResumeProcess: An attempt was made to access an exiting process. (0xc000010a)
[0523/151749.774:ERROR:process_reader_win.cc(151)] SuspendThread: Access is denied. (0x5)
[0523/151749.775:ERROR:exception_snapshot_win.cc(98)] thread ID 13288 not found in process
[0523/151749.775:ERROR:scoped_process_suspend.cc(40)] NtResumeProcess: An attempt was made to access an exiting process. (0xc000010a)
[0523/152111.510:ERROR:process_reader_win.cc(151)] SuspendThread: Access is denied. (0x5)
[0523/152111.511:ERROR:exception_snapshot_win.cc(98)] thread ID 13780 not found in process
[0523/152111.511:ERROR:scoped_process_suspend.cc(40)] NtResumeProcess: An attempt was made to access an exiting process. (0xc000010a)
